<?xml version="1.0" encoding="UTF-8"?>
<coverage generated="1739068326288" clover="3.2.0">
  <project timestamp="1739068326288" name="All files">
    <metrics statements="32" coveredstatements="22" conditionals="16" coveredconditionals="9" methods="8" coveredmethods="2" elements="56" coveredelements="33" complexity="0" loc="32" ncloc="32" packages="2" files="2" classes="2"/>
    <package name="src">
      <metrics statements="29" coveredstatements="19" conditionals="10" coveredconditionals="3" methods="8" coveredmethods="2"/>
      <file name="server.js" path="/Users/danielleffel/repos/ai-built-recipe-app/backend/src/server.js">
        <metrics statements="29" coveredstatements="19" conditionals="10" coveredconditionals="3" methods="8" coveredmethods="2"/>
        <line num="1" count="4" type="stmt"/>
        <line num="2" count="4" type="stmt"/>
        <line num="3" count="4" type="stmt"/>
        <line num="4" count="4" type="stmt"/>
        <line num="6" count="4" type="stmt"/>
        <line num="9" count="4" type="stmt"/>
        <line num="13" count="4" type="stmt"/>
        <line num="14" count="4" type="stmt"/>
        <line num="17" count="4" type="stmt"/>
        <line num="18" count="0" type="stmt"/>
        <line num="22" count="4" type="stmt"/>
        <line num="23" count="0" type="stmt"/>
        <line num="24" count="0" type="stmt"/>
        <line num="25" count="0" type="stmt"/>
        <line num="32" count="4" type="stmt"/>
        <line num="33" count="0" type="stmt"/>
        <line num="34" count="0" type="cond" truecount="0" falsecount="2"/>
        <line num="43" count="4" type="stmt"/>
        <line num="44" count="0" type="stmt"/>
        <line num="53" count="4" type="cond" truecount="2" falsecount="0"/>
        <line num="54" count="1" type="stmt"/>
        <line num="57" count="1" type="stmt"/>
        <line num="58" count="0" type="stmt"/>
        <line num="63" count="10" type="stmt"/>
        <line num="66" count="4" type="stmt"/>
        <line num="69" count="1" type="stmt"/>
        <line num="70" count="0" type="stmt"/>
        <line num="76" count="4" type="cond" truecount="1" falsecount="1"/>
        <line num="77" count="0" type="stmt"/>
      </file>
    </package>
    <package name="src.config">
      <metrics statements="3" coveredstatements="3" conditionals="6" coveredconditionals="6" methods="0" coveredmethods="0"/>
      <file name="server-config.js" path="/Users/danielleffel/repos/ai-built-recipe-app/backend/src/config/server-config.js">
        <metrics statements="3" coveredstatements="3" conditionals="6" coveredconditionals="6" methods="0" coveredmethods="0"/>
        <line num="1" count="6" type="stmt"/>
        <line num="3" count="6" type="stmt"/>
        <line num="9" count="6" type="stmt"/>
      </file>
    </package>
  </project>
</coverage>
