{"/Users/danielleffel/repos/ai-built-recipe-app/backend/src/server.js": {"path":"/Users/danielleffel/repos/ai-built-recipe-app/backend/src/server.js","statementMap":{"0":{"start":{"line":1,"column":16},"end":{"line":1,"column":34}},"1":{"start":{"line":2,"column":13},"end":{"line":2,"column":28}},"2":{"start":{"line":3,"column":13},"end":{"line":3,"column":28}},"3":{"start":{"line":4,"column":15},"end":{"line":4,"column":48}},"4":{"start":{"line":6,"column":12},"end":{"line":6,"column":21}},"5":{"start":{"line":9,"column":0},"end":{"line":12,"column":4}},"6":{"start":{"line":13,"column":0},"end":{"line":13,"column":24}},"7":{"start":{"line":14,"column":0},"end":{"line":14,"column":48}},"8":{"start":{"line":17,"column":0},"end":{"line":19,"column":3}},"9":{"start":{"line":18,"column":2},"end":{"line":18,"column":66}},"10":{"start":{"line":22,"column":0},"end":{"line":26,"column":3}},"11":{"start":{"line":23,"column":16},"end":{"line":23,"column":39}},"12":{"start":{"line":24,"column":2},"end":{"line":24,"column":21}},"13":{"start":{"line":25,"column":2},"end":{"line":25,"column":14}},"14":{"start":{"line":32,"column":0},"end":{"line":40,"column":3}},"15":{"start":{"line":33,"column":2},"end":{"line":33,"column":27}},"16":{"start":{"line":34,"column":2},"end":{"line":39,"column":5}},"17":{"start":{"line":43,"column":0},"end":{"line":50,"column":3}},"18":{"start":{"line":44,"column":2},"end":{"line":49,"column":5}},"19":{"start":{"line":53,"column":0},"end":{"line":60,"column":1}},"20":{"start":{"line":54,"column":2},"end":{"line":54,"column":72}},"21":{"start":{"line":57,"column":2},"end":{"line":59,"column":5}},"22":{"start":{"line":58,"column":4},"end":{"line":58,"column":74}},"23":{"start":{"line":63,"column":0},"end":{"line":63,"column":44}},"24":{"start":{"line":63,"column":21},"end":{"line":63,"column":42}},"25":{"start":{"line":66,"column":0},"end":{"line":73,"column":2}},"26":{"start":{"line":69,"column":4},"end":{"line":71,"column":7}},"27":{"start":{"line":70,"column":6},"end":{"line":70,"column":85}},"28":{"start":{"line":76,"column":0},"end":{"line":78,"column":1}},"29":{"start":{"line":77,"column":2},"end":{"line":77,"column":31}}},"fnMap":{"0":{"name":"(anonymous_0)","decl":{"start":{"line":17,"column":23},"end":{"line":17,"column":24}},"loc":{"start":{"line":17,"column":37},"end":{"line":19,"column":1}},"line":17},"1":{"name":"(anonymous_1)","decl":{"start":{"line":22,"column":23},"end":{"line":22,"column":24}},"loc":{"start":{"line":22,"column":43},"end":{"line":26,"column":1}},"line":22},"2":{"name":"(anonymous_2)","decl":{"start":{"line":32,"column":8},"end":{"line":32,"column":9}},"loc":{"start":{"line":32,"column":33},"end":{"line":40,"column":1}},"line":32},"3":{"name":"(anonymous_3)","decl":{"start":{"line":43,"column":8},"end":{"line":43,"column":9}},"loc":{"start":{"line":43,"column":22},"end":{"line":50,"column":1}},"line":43},"4":{"name":"(anonymous_4)","decl":{"start":{"line":57,"column":15},"end":{"line":57,"column":16}},"loc":{"start":{"line":57,"column":29},"end":{"line":59,"column":3}},"line":57},"5":{"name":"(anonymous_5)","decl":{"start":{"line":63,"column":14},"end":{"line":63,"column":15}},"loc":{"start":{"line":63,"column":21},"end":{"line":63,"column":42}},"line":63},"6":{"name":"(anonymous_6)","decl":{"start":{"line":68,"column":15},"end":{"line":68,"column":16}},"loc":{"start":{"line":68,"column":21},"end":{"line":72,"column":3}},"line":68},"7":{"name":"(anonymous_7)","decl":{"start":{"line":69,"column":35},"end":{"line":69,"column":36}},"loc":{"start":{"line":69,"column":41},"end":{"line":71,"column":5}},"line":69}},"branchMap":{"0":{"loc":{"start":{"line":34,"column":13},"end":{"line":34,"column":30}},"type":"binary-expr","locations":[{"start":{"line":34,"column":13},"end":{"line":34,"column":23}},{"start":{"line":34,"column":27},"end":{"line":34,"column":30}}],"line":34},"1":{"loc":{"start":{"line":36,"column":15},"end":{"line":36,"column":53}},"type":"binary-expr","locations":[{"start":{"line":36,"column":15},"end":{"line":36,"column":26}},{"start":{"line":36,"column":30},"end":{"line":36,"column":53}}],"line":36},"2":{"loc":{"start":{"line":37,"column":14},"end":{"line":37,"column":31}},"type":"binary-expr","locations":[{"start":{"line":37,"column":14},"end":{"line":37,"column":24}},{"start":{"line":37,"column":28},"end":{"line":37,"column":31}}],"line":37},"3":{"loc":{"start":{"line":53,"column":0},"end":{"line":60,"column":1}},"type":"if","locations":[{"start":{"line":53,"column":0},"end":{"line":60,"column":1}},{"start":{},"end":{}}],"line":53},"4":{"loc":{"start":{"line":76,"column":0},"end":{"line":78,"column":1}},"type":"if","locations":[{"start":{"line":76,"column":0},"end":{"line":78,"column":1}},{"start":{},"end":{}}],"line":76}},"s":{"0":4,"1":4,"2":4,"3":4,"4":4,"5":4,"6":4,"7":4,"8":4,"9":0,"10":4,"11":0,"12":0,"13":0,"14":4,"15":0,"16":0,"17":4,"18":0,"19":4,"20":1,"21":1,"22":0,"23":4,"24":10,"25":4,"26":1,"27":0,"28":4,"29":0},"f":{"0":0,"1":0,"2":0,"3":0,"4":0,"5":10,"6":1,"7":0},"b":{"0":[0,0],"1":[0,0],"2":[0,0],"3":[1,3],"4":[0,4]},"_coverageSchema":"1a1c01bbd47fc00a2c39e90264f33305004495a9","hash":"a82ccf6392535aa261b09ba727ca56ae86eda383"}
,"/Users/danielleffel/repos/ai-built-recipe-app/backend/src/config/server-config.js": {"path":"/Users/danielleffel/repos/ai-built-recipe-app/backend/src/config/server-config.js","statementMap":{"0":{"start":{"line":1,"column":0},"end":{"line":1,"column":27}},"1":{"start":{"line":3,"column":15},"end":{"line":7,"column":1}},"2":{"start":{"line":9,"column":0},"end":{"line":9,"column":24}}},"fnMap":{},"branchMap":{"0":{"loc":{"start":{"line":4,"column":8},"end":{"line":4,"column":32}},"type":"binary-expr","locations":[{"start":{"line":4,"column":8},"end":{"line":4,"column":24}},{"start":{"line":4,"column":28},"end":{"line":4,"column":32}}],"line":4},"1":{"loc":{"start":{"line":5,"column":11},"end":{"line":5,"column":48}},"type":"binary-expr","locations":[{"start":{"line":5,"column":11},"end":{"line":5,"column":31}},{"start":{"line":5,"column":35},"end":{"line":5,"column":48}}],"line":5},"2":{"loc":{"start":{"line":6,"column":14},"end":{"line":6,"column":64}},"type":"binary-expr","locations":[{"start":{"line":6,"column":14},"end":{"line":6,"column":37}},{"start":{"line":6,"column":41},"end":{"line":6,"column":64}}],"line":6}},"s":{"0":6,"1":6,"2":6},"f":{},"b":{"0":[6,5],"1":[6,1],"2":[6,5]},"_coverageSchema":"1a1c01bbd47fc00a2c39e90264f33305004495a9","hash":"0bd312dbcce674197673950c574bca7c8fa11300"}
}
