TN:
SF:src/server.js
FN:17,(anonymous_0)
FN:22,(anonymous_1)
FN:32,(anonymous_2)
FN:43,(anonymous_3)
FN:57,(anonymous_4)
FN:63,(anonymous_5)
FN:68,(anonymous_6)
FN:69,(anonymous_7)
FNF:8
FNH:2
FNDA:0,(anonymous_0)
FNDA:0,(anonymous_1)
FNDA:0,(anonymous_2)
FNDA:0,(anonymous_3)
FNDA:0,(anonymous_4)
FNDA:10,(anonymous_5)
FNDA:1,(anonymous_6)
FNDA:0,(anonymous_7)
DA:1,4
DA:2,4
DA:3,4
DA:4,4
DA:6,4
DA:9,4
DA:13,4
DA:14,4
DA:17,4
DA:18,0
DA:22,4
DA:23,0
DA:24,0
DA:25,0
DA:32,4
DA:33,0
DA:34,0
DA:43,4
DA:44,0
DA:53,4
DA:54,1
DA:57,1
DA:58,0
DA:63,10
DA:66,4
DA:69,1
DA:70,0
DA:76,4
DA:77,0
LF:29
LH:19
BRDA:34,0,0,0
BRDA:34,0,1,0
BRDA:36,1,0,0
BRDA:36,1,1,0
BRDA:37,2,0,0
BRDA:37,2,1,0
BRDA:53,3,0,1
BRDA:53,3,1,3
BRDA:76,4,0,0
BRDA:76,4,1,4
BRF:10
BRH:3
end_of_record
TN:
SF:src/config/server-config.js
FNF:0
FNH:0
DA:1,6
DA:3,6
DA:9,6
LF:3
LH:3
BRDA:4,0,0,6
BRDA:4,0,1,5
BRDA:5,1,0,6
BRDA:5,1,1,1
BRDA:6,2,0,6
BRDA:6,2,1,5
BRF:6
BRH:6
end_of_record
